This is pdfTeX, Version 3.141592653-2.6-1.40.22 (TeX Live 2022/dev/Debian) (preloaded format=pdflatex 2026.6.27)  22 JUL 2026 14:42
entering extended mode
 restricted \write18 enabled.
 %&-line parsing enabled.
**hrf.tex
(./hrf.tex
LaTeX2e <2021-11-15> patch level 1
L3 programming layer <2022-01-21>
(/usr/share/texlive/texmf-dist/tex/latex/base/article.cls
Document Class: article 2021/10/04 v1.4n Standard LaTeX document class
(/usr/share/texlive/texmf-dist/tex/latex/base/size12.clo
File: size12.clo 2021/10/04 v1.4n Standard LaTeX file (size option)
)
\c@part=\count185
\c@section=\count186
\c@subsection=\count187
\c@subsubsection=\count188
\c@paragraph=\count189
\c@subparagraph=\count190
\c@figure=\count191
\c@table=\count192
\abovecaptionskip=\skip47
\belowcaptionskip=\skip48
\bibindent=\dimen138
)
(/usr/share/texlive/texmf-dist/tex/latex/graphics/graphicx.sty
Package: graphicx 2021/09/16 v1.2d Enhanced LaTeX Graphics (DPC,SPQR)

(/usr/share/texlive/texmf-dist/tex/latex/graphics/keyval.sty
Package: keyval 2014/10/28 v1.15 key=value parser (DPC)
\KV@toks@=\toks16
)
(/usr/share/texlive/texmf-dist/tex/latex/graphics/graphics.sty
Package: graphics 2021/03/04 v1.4d Standard LaTeX Graphics (DPC,SPQR)

(/usr/share/texlive/texmf-dist/tex/latex/graphics/trig.sty
Package: trig 2021/08/11 v1.11 sin cos tan (DPC)
)
(/usr/share/texlive/texmf-dist/tex/latex/graphics-cfg/graphics.cfg
File: graphics.cfg 2016/06/04 v1.11 sample graphics configuration
)
Package graphics Info: Driver file: pdftex.def on input line 107.

(/usr/share/texlive/texmf-dist/tex/latex/graphics-def/pdftex.def
File: pdftex.def 2020/10/05 v1.2a Graphics/color driver for pdftex
))
\Gin@req@height=\dimen139
\Gin@req@width=\dimen140
)
(/usr/share/texlive/texmf-dist/tex/latex/tools/enumerate.sty
Package: enumerate 2015/07/23 v3.00 enumerate extensions (DPC)
\@enLab=\toks17
)
(/usr/share/texlive/texmf-dist/tex/latex/natbib/natbib.sty
Package: natbib 2010/09/13 8.31b (PWD, AO)
\bibhang=\skip49
\bibsep=\skip50
LaTeX Info: Redefining \cite on input line 694.
\c@NAT@ctr=\count193
)
(/usr/share/texlive/texmf-dist/tex/latex/ncctools/nccfoots.sty
Package: nccfoots 2005/02/03 v1.2 NCC Footnotes Package (NCC)
)
(/usr/share/texlive/texmf-dist/tex/latex/bbm-macros/bbm.sty
Package: bbm 1999/03/15 V 1.2 provides fonts for set symbols - TH
LaTeX Font Info:    Overwriting math alphabet `\mathbbm' in version `bold'
(Font)                  U/bbm/m/n --> U/bbm/bx/n on input line 33.
LaTeX Font Info:    Overwriting math alphabet `\mathbbmss' in version `bold'
(Font)                  U/bbmss/m/n --> U/bbmss/bx/n on input line 35.
)
(/usr/share/texlive/texmf-dist/tex/latex/tools/bm.sty
Package: bm 2021/04/25 v1.2e Bold Symbol Support (DPC/FMi)
\symboldoperators=\mathgroup4
\symboldletters=\mathgroup5
\symboldsymbols=\mathgroup6
Package bm Info: No bold for \OMX/cmex/m/n, using \pmb.
LaTeX Font Info:    Redeclaring math alphabet \mathbf on input line 149.
)
(/usr/share/texlive/texmf-dist/tex/latex/amsmath/amsmath.sty
Package: amsmath 2021/10/15 v2.17l AMS math features
\@mathmargin=\skip51

For additional information on amsmath, use the `?' option.
(/usr/share/texlive/texmf-dist/tex/latex/amsmath/amstext.sty
Package: amstext 2021/08/26 v2.01 AMS text

(/usr/share/texlive/texmf-dist/tex/latex/amsmath/amsgen.sty
File: amsgen.sty 1999/11/30 v2.0 generic functions
\@emptytoks=\toks18
\ex@=\dimen141
))
(/usr/share/texlive/texmf-dist/tex/latex/amsmath/amsbsy.sty
Package: amsbsy 1999/11/29 v1.2d Bold Symbols
LaTeX Info: Redefining \boldsymbol on input line 28.
\pmbraise@=\dimen142
)
(/usr/share/texlive/texmf-dist/tex/latex/amsmath/amsopn.sty
Package: amsopn 2021/08/26 v2.02 operator names
)
\inf@bad=\count194
LaTeX Info: Redefining \frac on input line 234.
\uproot@=\count195
\leftroot@=\count196
LaTeX Info: Redefining \overline on input line 399.
\classnum@=\count197
\DOTSCASE@=\count198
LaTeX Info: Redefining \ldots on input line 496.
LaTeX Info: Redefining \dots on input line 499.
LaTeX Info: Redefining \cdots on input line 620.
\Mathstrutbox@=\box50
\strutbox@=\box51
\big@size=\dimen143
LaTeX Font Info:    Redeclaring font encoding OML on input line 743.
LaTeX Font Info:    Redeclaring font encoding OMS on input line 744.
\macc@depth=\count199
\c@MaxMatrixCols=\count266
\dotsspace@=\muskip16
\c@parentequation=\count267
\dspbrk@lvl=\count268
\tag@help=\toks19
\row@=\count269
\column@=\count270
\maxfields@=\count271
\andhelp@=\toks20
\eqnshift@=\dimen144
\alignsep@=\dimen145
\tagshift@=\dimen146
\tagwidth@=\dimen147
\totwidth@=\dimen148
\lineht@=\dimen149
\@envbody=\toks21
\multlinegap=\skip52
\multlinetaggap=\skip53
\mathdisplay@stack=\toks22
LaTeX Info: Redefining \[ on input line 2938.
LaTeX Info: Redefining \] on input line 2939.
)
(/usr/share/texlive/texmf-dist/tex/latex/amscls/amsthm.sty
Package: amsthm 2020/05/29 v2.20.6
\thm@style=\toks23
\thm@bodyfont=\toks24
\thm@headfont=\toks25
\thm@notefont=\toks26
\thm@headpunct=\toks27
\thm@preskip=\skip54
\thm@postskip=\skip55
\thm@headsep=\skip56
\dth@everypar=\toks28
)
(/usr/share/texlive/texmf-dist/tex/latex/amsfonts/amssymb.sty
Package: amssymb 2013/01/14 v3.01 AMS font symbols

(/usr/share/texlive/texmf-dist/tex/latex/amsfonts/amsfonts.sty
Package: amsfonts 2013/01/14 v3.01 Basic AMSFonts support
\symAMSa=\mathgroup7
\symAMSb=\mathgroup8
LaTeX Font Info:    Redeclaring math symbol \hbar on input line 98.
LaTeX Font Info:    Overwriting math alphabet `\mathfrak' in version `bold'
(Font)                  U/euf/m/n --> U/euf/b/n on input line 106.
))
(/usr/share/texlive/texmf-dist/tex/latex/caption/caption.sty
Package: caption 2020/10/26 v3.5g Customizing captions (AR)

(/usr/share/texlive/texmf-dist/tex/latex/caption/caption3.sty
Package: caption3 2020/10/21 v2.2e caption3 kernel (AR)
\captionmargin=\dimen150
\captionmargin@=\dimen151
\captionwidth=\dimen152
\caption@tempdima=\dimen153
\caption@indent=\dimen154
\caption@parindent=\dimen155
\caption@hangindent=\dimen156
Package caption Info: Standard document class detected.
)
\c@caption@flags=\count272
\c@continuedfloat=\count273
)
(/usr/share/texlive/texmf-dist/tex/latex/setspace/setspace.sty
Package: setspace 2011/12/19 v6.7a set line spacing
)
(/usr/share/texlive/texmf-dist/tex/latex/preprint/authblk.sty
Package: authblk 2001/02/27 1.3 (PWD)
\affilsep=\skip57
\@affilsep=\skip58
\c@Maxaffil=\count274
\c@authors=\count275
\c@affil=\count276
)
(/usr/share/texlive/texmf-dist/tex/latex/srcltx/srcltx.sty
Package: srcltx 2006/11/12 v1.6 Source specials for inverse search in DVI files


(/usr/share/texlive/texmf-dist/tex/latex/base/ifthen.sty
Package: ifthen 2020/11/24 v1.1c Standard LaTeX ifthen package (DPC)
)
\src@lastline=\count277
\src@new@everypar=\toks29
\src@new@output=\toks30
)
(/usr/share/texlive/texmf-dist/tex/latex/multirow/multirow.sty
Package: multirow 2021/03/15 v2.8 Span multiple rows of a table
\multirow@colwidth=\skip59
\multirow@cntb=\count278
\multirow@dima=\skip60
\bigstrutjot=\dimen157
)
(/usr/share/texlive/texmf-dist/tex/latex/microtype/microtype.sty
Package: microtype 2021/12/10 v3.0b Micro-typographical refinements (RS)

(/usr/share/texlive/texmf-dist/tex/latex/etoolbox/etoolbox.sty
Package: etoolbox 2020/10/05 v2.5k e-TeX tools for LaTeX (JAW)
\etb@tempcnta=\count279
)
\MT@toks=\toks31
\MT@count=\count280
\MT@tempbox=\box52
LaTeX Info: Redefining \leftprotrusion on input line 1010.
LaTeX Info: Redefining \rightprotrusion on input line 1018.
LaTeX Info: Redefining \textls on input line 1173.
\MT@outer@kern=\dimen158
LaTeX Info: Redefining \textmicrotypecontext on input line 1759.
\MT@listname@count=\count281
Package srcltx Info: Expanded filename `microtype-pdftex.def' to `microtype-pdf
tex.def.tex' on input line 2682.

:<+ microtype-pdftex.def.tex
(/usr/share/texlive/texmf-dist/tex/latex/microtype/microtype-pdftex.def
File: microtype-pdftex.def 2021/12/10 v3.0b Definitions specific to pdftex (RS)

LaTeX Info: Redefining \lsstyle on input line 897.
LaTeX Info: Redefining \lslig on input line 897.
\MT@outer@space=\skip61
)
:<-
Package microtype Info: Loading configuration file microtype.cfg.
Package srcltx Info: Expanded filename `microtype.cfg' to `microtype.cfg.tex' o
n input line 2704.
:<+ microtype.cfg.tex
(/usr/share/texlive/texmf-dist/tex/latex/microtype/microtype.cfg
File: microtype.cfg 2021/12/10 v3.0b microtype main configuration file (RS)
)
:<-
) (/usr/share/texlive/texmf-dist/tex/latex/booktabs/booktabs.sty
Package: booktabs 2020/01/12 v1.61803398 Publication quality tables
\heavyrulewidth=\dimen159
\lightrulewidth=\dimen160
\cmidrulewidth=\dimen161
\belowrulesep=\dimen162
\belowbottomsep=\dimen163
\aboverulesep=\dimen164
\abovetopsep=\dimen165
\cmidrulesep=\dimen166
\cmidrulekern=\dimen167
\defaultaddspace=\dimen168
\@cmidla=\count282
\@cmidlb=\count283
\@aboverulesep=\dimen169
\@belowrulesep=\dimen170
\@thisruleclass=\count284
\@lastruleclass=\count285
\@thisrulewidth=\dimen171
)
(/usr/share/texlive/texmf-dist/tex/latex/siunitx/siunitx.sty
Package: siunitx 2022-02-02 v3.0.46 A comprehensive (SI) units package
\l__siunitx_angle_tmp_dim=\dimen172
\l__siunitx_angle_marker_box=\box53
\l__siunitx_angle_unit_box=\box54
\l__siunitx_compound_count_int=\count286

(/usr/share/texlive/texmf-dist/tex/latex/translations/translations.sty
Package: translations 2022/01/04 v1.11 internationalization of LaTeX2e packages
 (CN)

(/usr/share/texlive/texmf-dist/tex/generic/pdftexcmds/pdftexcmds.sty
Package: pdftexcmds 2020-06-27 v0.33 Utility functions of pdfTeX for LuaTeX (HO
)

(/usr/share/texlive/texmf-dist/tex/generic/infwarerr/infwarerr.sty
Package: infwarerr 2019/12/03 v1.5 Providing info/warning/error messages (HO)
)
(/usr/share/texlive/texmf-dist/tex/generic/iftex/iftex.sty
Package: iftex 2020/03/06 v1.0d TeX engine tests
)
(/usr/share/texlive/texmf-dist/tex/generic/ltxcmds/ltxcmds.sty
Package: ltxcmds 2020-05-10 v1.25 LaTeX kernel commands for general use (HO)
)
Package pdftexcmds Info: \pdf@primitive is available.
Package pdftexcmds Info: \pdf@ifprimitive is available.
Package pdftexcmds Info: \pdfdraftmode found.
))
\l__siunitx_number_exponent_fixed_int=\count287
\l__siunitx_number_min_decimal_int=\count288
\l__siunitx_number_min_integer_int=\count289
\l__siunitx_number_round_precision_int=\count290
\l__siunitx_number_group_minimum_int=\count291
\l__siunitx_table_tmp_box=\box55
\l__siunitx_table_tmp_dim=\dimen173
\l__siunitx_table_column_width_dim=\dimen174
\l__siunitx_table_integer_box=\box56
\l__siunitx_table_decimal_box=\box57
\l__siunitx_table_before_box=\box58
\l__siunitx_table_after_box=\box59
\l__siunitx_table_before_dim=\dimen175
\l__siunitx_table_carry_dim=\dimen176
\l__siunitx_unit_tmp_int=\count292
\l__siunitx_unit_position_int=\count293
\l__siunitx_unit_total_int=\count294

(/usr/share/texlive/texmf-dist/tex/latex/l3packages/l3keys2e/l3keys2e.sty
(/usr/share/texlive/texmf-dist/tex/latex/l3kernel/expl3.sty
Package: expl3 2022-01-21 L3 programming layer (loader) 

(/usr/share/texlive/texmf-dist/tex/latex/l3backend/l3backend-pdftex.def
File: l3backend-pdftex.def 2022-01-12 L3 backend support: PDF output (pdfTeX)
\l__color_backend_stack_int=\count295
\l__pdf_internal_box=\box60
))
Package: l3keys2e 2022-01-12 LaTeX2e option processing using LaTeX3 keys
)
(/usr/share/texlive/texmf-dist/tex/latex/tools/array.sty
Package: array 2021/10/04 v2.5f Tabular extension package (FMi)
\col@sep=\dimen177
\ar@mcellbox=\box61
\extrarowheight=\dimen178
\NC@list=\toks32
\extratabsurround=\skip62
\backup@length=\skip63
\ar@cellbox=\box62
))

Package siunitx Info: Option "detect-weight" has been deprecated in this
(siunitx)             release.
(siunitx)             
(siunitx)             Use "reset-text-series = false, text-series-to-math =
(siunitx)             true" as a replacement.


Package siunitx Info: Option "detect-family" has been deprecated in this
(siunitx)             release.
(siunitx)             
(siunitx)             Use "reset-text-family = false, text-family-to-math =
(siunitx)             true" as a replacement.


(/usr/share/texlive/texmf-dist/tex/latex/hyperref/hyperref.sty
Package: hyperref 2021-06-07 v7.00m Hypertext links for LaTeX

(/usr/share/texlive/texmf-dist/tex/generic/kvsetkeys/kvsetkeys.sty
Package: kvsetkeys 2019/12/15 v1.18 Key value parser (HO)
)
(/usr/share/texlive/texmf-dist/tex/generic/kvdefinekeys/kvdefinekeys.sty
Package: kvdefinekeys 2019-12-19 v1.6 Define keys (HO)
)
(/usr/share/texlive/texmf-dist/tex/generic/pdfescape/pdfescape.sty
Package: pdfescape 2019/12/09 v1.15 Implements pdfTeX's escape features (HO)
)
(/usr/share/texlive/texmf-dist/tex/latex/hycolor/hycolor.sty
Package: hycolor 2020-01-27 v1.10 Color options for hyperref/bookmark (HO)
)
(/usr/share/texlive/texmf-dist/tex/latex/letltxmacro/letltxmacro.sty
Package: letltxmacro 2019/12/03 v1.6 Let assignment for LaTeX macros (HO)
)
(/usr/share/texlive/texmf-dist/tex/latex/auxhook/auxhook.sty
Package: auxhook 2019-12-17 v1.6 Hooks for auxiliary files (HO)
)
(/usr/share/texlive/texmf-dist/tex/latex/kvoptions/kvoptions.sty
Package: kvoptions 2020-10-07 v3.14 Key value format for package options (HO)
)
\@linkdim=\dimen179
\Hy@linkcounter=\count296
\Hy@pagecounter=\count297
Package srcltx Info: Expanded filename `pd1enc.def' to `pd1enc.def.tex' on inpu
t line 747.

:<+ pd1enc.def.tex
(/usr/share/texlive/texmf-dist/tex/latex/hyperref/pd1enc.def
File: pd1enc.def 2021-06-07 v7.00m Hyperref: PDFDocEncoding definition (HO)
Now handling font encoding PD1 ...
... no UTF-8 mapping file for font encoding PD1
)
:<-
Package srcltx Info: Expanded filename `hyperref-langpatches.def' to `hyperref-
langpatches.def.tex' on input line 819.
:<+ hyperref-langpatches.def.tex
(/usr/share/texlive/texmf-dist/tex/latex/hyperref/hyperref-langpatches.def
File: hyperref-langpatches.def 2021-06-07 v7.00m Hyperref: patches for babel la
nguages
)
:<-
(/usr/share/texlive/texmf-dist/tex/generic/intcalc/intcalc.sty
Package: intcalc 2019/12/15 v1.3 Expandable calculations with integers (HO)
)
(/usr/share/texlive/texmf-dist/tex/generic/etexcmds/etexcmds.sty
Package: etexcmds 2019/12/15 v1.7 Avoid name clashes with e-TeX commands (HO)
)
\Hy@SavedSpaceFactor=\count298
Package srcltx Info: Expanded filename `puenc.def' to `puenc.def.tex' on input 
line 2500.

:<+ puenc.def.tex
(/usr/share/texlive/texmf-dist/tex/latex/hyperref/puenc.def
File: puenc.def 2021-06-07 v7.00m Hyperref: PDF Unicode definition (HO)
Now handling font encoding PU ...
... no UTF-8 mapping file for font encoding PU
)
:<-
Package hyperref Info: Hyper figures OFF on input line 4192.
Package hyperref Info: Link nesting OFF on input line 4197.
Package hyperref Info: Hyper index ON on input line 4200.
Package hyperref Info: Plain pages OFF on input line 4207.
Package hyperref Info: Backreferencing OFF on input line 4212.
Package hyperref Info: Implicit mode ON; LaTeX internals redefined.
Package hyperref Info: Bookmarks ON on input line 4445.
\c@Hy@tempcnt=\count299
(/usr/share/texlive/texmf-dist/tex/latex/url/url.sty
\Urlmuskip=\muskip17
Package: url 2013/09/16  ver 3.4  Verb mode for urls, etc.
)
LaTeX Info: Redefining \url on input line 4804.
\XeTeXLinkMargin=\dimen180

(/usr/share/texlive/texmf-dist/tex/generic/bitset/bitset.sty
Package: bitset 2019/12/09 v1.3 Handle bit-vector datatype (HO)

(/usr/share/texlive/texmf-dist/tex/generic/bigintcalc/bigintcalc.sty
Package: bigintcalc 2019/12/15 v1.5 Expandable calculations on big integers (HO
)
))
\Fld@menulength=\count300
\Field@Width=\dimen181
\Fld@charsize=\dimen182
Package hyperref Info: Hyper figures OFF on input line 6076.
Package hyperref Info: Link nesting OFF on input line 6081.
Package hyperref Info: Hyper index ON on input line 6084.
Package hyperref Info: backreferencing OFF on input line 6091.
Package hyperref Info: Link coloring OFF on input line 6096.
Package hyperref Info: Link coloring with OCG OFF on input line 6101.
Package hyperref Info: PDF/A mode OFF on input line 6106.
LaTeX Info: Redefining \ref on input line 6146.
LaTeX Info: Redefining \pageref on input line 6150.

(/usr/share/texlive/texmf-dist/tex/latex/base/atbegshi-ltx.sty
Package: atbegshi-ltx 2021/01/10 v1.0c Emulation of the original atbegshi
package with kernel methods
)
\Hy@abspage=\count301
\c@Item=\count302
\c@Hfootnote=\count303
)
Package hyperref Info: Driver (autodetected): hpdftex.
Package srcltx Info: Expanded filename `hpdftex.def' to `hpdftex.def.tex' on in
put line 19.

:<+ hpdftex.def.tex
(/usr/share/texlive/texmf-dist/tex/latex/hyperref/hpdftex.def
File: hpdftex.def 2021-06-07 v7.00m Hyperref driver for pdfTeX

(/usr/share/texlive/texmf-dist/tex/latex/base/atveryend-ltx.sty
Package: atveryend-ltx 2020/08/19 v1.0a Emulation of the original atveryend pac
kage
with kernel methods
)
\Fld@listcount=\count304
\c@bookmark@seq@number=\count305

(/usr/share/texlive/texmf-dist/tex/latex/rerunfilecheck/rerunfilecheck.sty
Package: rerunfilecheck 2019/12/05 v1.9 Rerun checks for auxiliary files (HO)

(/usr/share/texlive/texmf-dist/tex/generic/uniquecounter/uniquecounter.sty
Package: uniquecounter 2019/12/15 v1.4 Provide unlimited unique counter (HO)
)
Package uniquecounter Info: New unique counter `rerunfilecheck' on input line 2
86.
)
\Hy@SectionHShift=\skip64
)
:<-
(/usr/share/texlive/texmf-dist/tex/latex/xcolor/xcolor.sty
Package: xcolor 2021/10/31 v2.13 LaTeX color extensions (UK)

(/usr/share/texlive/texmf-dist/tex/latex/graphics-cfg/color.cfg
File: color.cfg 2016/01/02 v1.6 sample color configuration
)
Package xcolor Info: Driver file: pdftex.def on input line 227.
Package xcolor Info: Model `cmy' substituted by `cmy0' on input line 1352.
Package xcolor Info: Model `hsb' substituted by `rgb' on input line 1356.
Package xcolor Info: Model `RGB' extended on input line 1368.
Package xcolor Info: Model `HTML' substituted by `rgb' on input line 1370.
Package xcolor Info: Model `Hsb' substituted by `hsb' on input line 1371.
Package xcolor Info: Model `tHsb' substituted by `hsb' on input line 1372.
Package xcolor Info: Model `HSB' substituted by `hsb' on input line 1373.
Package xcolor Info: Model `Gray' substituted by `gray' on input line 1374.
Package xcolor Info: Model `wave' substituted by `hsb' on input line 1375.
)
\c@algorithm=\count306
\c@lemma=\count307
\c@assumption=\count308
\c@proofoflemma=\count309
\c@proposition=\count310
\c@proofofproposition=\count311
\c@corollary=\count312
\c@proofofcorollary=\count313
\c@theorem=\count314
\c@proofoftheorem=\count315
\c@remark=\count316
Package translations Info: No language package found. I am going to use `englis
h' as default language. on input line 151.
 (./hrf.aux)
\openout1 = `hrf.aux'.

LaTeX Font Info:    Checking defaults for OML/cmm/m/it on input line 151.
LaTeX Font Info:    ... okay on input line 151.
LaTeX Font Info:    Checking defaults for OMS/cmsy/m/n on input line 151.
LaTeX Font Info:    ... okay on input line 151.
LaTeX Font Info:    Checking defaults for OT1/cmr/m/n on input line 151.
LaTeX Font Info:    ... okay on input line 151.
LaTeX Font Info:    Checking defaults for T1/cmr/m/n on input line 151.
LaTeX Font Info:    ... okay on input line 151.
LaTeX Font Info:    Checking defaults for TS1/cmr/m/n on input line 151.
LaTeX Font Info:    ... okay on input line 151.
LaTeX Font Info:    Checking defaults for OMX/cmex/m/n on input line 151.
LaTeX Font Info:    ... okay on input line 151.
LaTeX Font Info:    Checking defaults for U/cmr/m/n on input line 151.
LaTeX Font Info:    ... okay on input line 151.
LaTeX Font Info:    Checking defaults for PD1/pdf/m/n on input line 151.
LaTeX Font Info:    ... okay on input line 151.
LaTeX Font Info:    Checking defaults for PU/pdf/m/n on input line 151.
LaTeX Font Info:    ... okay on input line 151.

(/usr/share/texlive/texmf-dist/tex/context/base/mkii/supp-pdf.mkii
[Loading MPS to PDF converter (version 2006.09.02).]
\scratchcounter=\count317
\scratchdimen=\dimen183
\scratchbox=\box63
\nofMPsegments=\count318
\nofMParguments=\count319
\everyMPshowfont=\toks33
\MPscratchCnt=\count320
\MPscratchDim=\dimen184
\MPnumerator=\count321
\makeMPintoPDFobject=\count322
\everyMPtoPDFconversion=\toks34
) (/usr/share/texlive/texmf-dist/tex/latex/epstopdf-pkg/epstopdf-base.sty
Package: epstopdf-base 2020-01-24 v2.11 Base part for package epstopdf
Package epstopdf-base Info: Redefining graphics rule for `.eps' on input line 4
85.

(/usr/share/texlive/texmf-dist/tex/latex/latexconfig/epstopdf-sys.cfg
File: epstopdf-sys.cfg 2010/07/13 v1.3 Configuration of (r)epstopdf for TeX Liv
e
))
Package caption Info: Begin \AtBeginDocument code.
Package caption Info: hyperref package is loaded.
Package caption Info: End \AtBeginDocument code.
LaTeX Info: Redefining \microtypecontext on input line 151.
Package microtype Info: Applying patch `item' on input line 151.
Package microtype Info: Applying patch `toc' on input line 151.
Package microtype Info: Applying patch `eqnum' on input line 151.
Package microtype Info: Applying patch `footnote' on input line 151.
Package microtype Info: Generating PDF output.
Package microtype Info: Character protrusion enabled (level 2).
Package microtype Info: Using default protrusion set `alltext'.
Package microtype Info: Automatic font expansion enabled (level 2),
(microtype)             stretch: 20, shrink: 20, step: 1, non-selected.
Package microtype Info: Using default expansion set `alltext-nott'.
LaTeX Info: Redefining \showhyphens on input line 151.
Package microtype Info: No adjustment of tracking.
Package microtype Info: No adjustment of interword spacing.
Package microtype Info: No adjustment of character kerning.

(/usr/share/texlive/texmf-dist/tex/latex/microtype/mt-cmr.cfg
File: mt-cmr.cfg 2013/05/19 v2.2 microtype config. file: Computer Modern Roman 
(RS)
)
(/usr/share/texlive/texmf-dist/tex/latex/translations/translations-basic-dictio
nary-english.trsl
File: translations-basic-dictionary-english.trsl (english translation file `tra
nslations-basic-dictionary')
)
Package translations Info: loading dictionary `translations-basic-dictionary' f
or `english'. on input line 151.
Package hyperref Info: Link coloring OFF on input line 151.

(/usr/share/texlive/texmf-dist/tex/latex/hyperref/nameref.sty
Package: nameref 2021-04-02 v2.47 Cross-referencing by name of section

(/usr/share/texlive/texmf-dist/tex/latex/refcount/refcount.sty
Package: refcount 2019/12/15 v3.6 Data extraction from label references (HO)
)
(/usr/share/texlive/texmf-dist/tex/generic/gettitlestring/gettitlestring.sty
Package: gettitlestring 2019/12/15 v1.6 Cleanup title references (HO)
)
\c@section@level=\count323
)
LaTeX Info: Redefining \ref on input line 151.
LaTeX Info: Redefining \pageref on input line 151.
LaTeX Info: Redefining \nameref on input line 151.

(./hrf.out) (./hrf.out)
\@outlinefile=\write3
\openout3 = `hrf.out'.

LaTeX Font Info:    Trying to load font information for U+msa on input line 194
.

(/usr/share/texlive/texmf-dist/tex/latex/amsfonts/umsa.fd
File: umsa.fd 2013/01/14 v3.01 AMS symbols A
)
(/usr/share/texlive/texmf-dist/tex/latex/microtype/mt-msa.cfg
File: mt-msa.cfg 2006/02/04 v1.1 microtype config. file: AMS symbols (a) (RS)
)
LaTeX Font Info:    Trying to load font information for U+msb on input line 194
.

(/usr/share/texlive/texmf-dist/tex/latex/amsfonts/umsb.fd
File: umsb.fd 2013/01/14 v3.01 AMS symbols B
)
(/usr/share/texlive/texmf-dist/tex/latex/microtype/mt-msb.cfg
File: mt-msb.cfg 2005/06/01 v1.0 microtype config. file: AMS symbols (b) (RS)
) [1

{/var/lib/texmf/fonts/map/pdftex/updmap/pdftex.map}] [2] [3] [4]
LaTeX Font Info:    Trying to load font information for U+bbm on input line 366
.

(/usr/share/texlive/texmf-dist/tex/latex/bbm-macros/ubbm.fd
File: ubbm.fd 1999/03/15 V 1.2 Font definition for bbm font - TH
) [5] [6] [7]
Package microtype Info: Loading generic protrusion settings for font family
(microtype)             `cmtt' (encoding: OT1).
(microtype)             For optimal results, create family-specific settings.
(microtype)             See the microtype manual for details.

[8] [9] [10] [11] [12]
Package epstopdf Info: Source file: <graphs/weighted_rf_rmse_ratios_kappa_2_shr
inkage.eps>
(epstopdf)                    date: 2026-07-03 15:20:28
(epstopdf)                    size: 19598 bytes
(epstopdf)             Output file: <graphs/weighted_rf_rmse_ratios_kappa_2_shr
inkage-eps-converted-to.pdf>
(epstopdf)                    date: 2026-07-03 15:21:00
(epstopdf)                    size: 12461 bytes
(epstopdf)             Command: <repstopdf --outfile=graphs/weighted_rf_rmse_ra
tios_kappa_2_shrinkage-eps-converted-to.pdf graphs/weighted_rf_rmse_ratios_kapp
a_2_shrinkage.eps>
(epstopdf)             \includegraphics on input line 850.
Package epstopdf Info: Output file is already uptodate.
<graphs/weighted_rf_rmse_ratios_kappa_2_shrinkage-eps-converted-to.pdf, id=358,
 505.89pt x 505.89pt>
File: graphs/weighted_rf_rmse_ratios_kappa_2_shrinkage-eps-converted-to.pdf Gra
phic file (type pdf)
<use graphs/weighted_rf_rmse_ratios_kappa_2_shrinkage-eps-converted-to.pdf>
Package pdftex.def Info: graphs/weighted_rf_rmse_ratios_kappa_2_shrinkage-eps-c
onverted-to.pdf  used on input line 850.
(pdftex.def)             Requested size: 397.49504pt x 361.35352pt.
 [13 <./graphs/weighted_rf_rmse_ratios_kappa_2_shrinkage-eps-converted-to.pdf>]
 [14]
Package epstopdf Info: Source file: <graphs/weighted_rf_rmse_ratios_short_selli
ng.eps>
(epstopdf)                    date: 2026-07-03 15:17:16
(epstopdf)                    size: 23802 bytes
(epstopdf)             Output file: <graphs/weighted_rf_rmse_ratios_short_selli
ng-eps-converted-to.pdf>
(epstopdf)                    date: 2026-07-03 15:17:17
(epstopdf)                    size: 14697 bytes
(epstopdf)             Command: <repstopdf --outfile=graphs/weighted_rf_rmse_ra
tios_short_selling-eps-converted-to.pdf graphs/weighted_rf_rmse_ratios_short_se
lling.eps>
(epstopdf)             \includegraphics on input line 950.
Package epstopdf Info: Output file is already uptodate.
<graphs/weighted_rf_rmse_ratios_short_selling-eps-converted-to.pdf, id=387, 505
.89pt x 505.89pt>
File: graphs/weighted_rf_rmse_ratios_short_selling-eps-converted-to.pdf Graphic
 file (type pdf)
<use graphs/weighted_rf_rmse_ratios_short_selling-eps-converted-to.pdf>
Package pdftex.def Info: graphs/weighted_rf_rmse_ratios_short_selling-eps-conve
rted-to.pdf  used on input line 950.
(pdftex.def)             Requested size: 434.34674pt x 361.35352pt.
 [15 <./graphs/weighted_rf_rmse_ratios_short_selling-eps-converted-to.pdf>] [16
] [17]
Package epstopdf Info: Source file: <graphs/weighted_rf_rmse_ratios_benchmarks.
eps>
(epstopdf)                    date: 2026-07-06 13:18:11
(epstopdf)                    size: 31163 bytes
(epstopdf)             Output file: <graphs/weighted_rf_rmse_ratios_benchmarks-
eps-converted-to.pdf>
(epstopdf)                    date: 2026-07-06 13:19:09
(epstopdf)                    size: 17256 bytes
(epstopdf)             Command: <repstopdf --outfile=graphs/weighted_rf_rmse_ra
tios_benchmarks-eps-converted-to.pdf graphs/weighted_rf_rmse_ratios_benchmarks.
eps>
(epstopdf)             \includegraphics on input line 1062.
Package epstopdf Info: Output file is already uptodate.
<graphs/weighted_rf_rmse_ratios_benchmarks-eps-converted-to.pdf, id=447, 505.89
pt x 505.89pt>
File: graphs/weighted_rf_rmse_ratios_benchmarks-eps-converted-to.pdf Graphic fi
le (type pdf)
<use graphs/weighted_rf_rmse_ratios_benchmarks-eps-converted-to.pdf>
Package pdftex.def Info: graphs/weighted_rf_rmse_ratios_benchmarks-eps-converte
d-to.pdf  used on input line 1062.
(pdftex.def)             Requested size: 434.34674pt x 361.35352pt.
 [18 <./graphs/weighted_rf_rmse_ratios_benchmarks-eps-converted-to.pdf>] [19]
Package srcltx Info: Expanded filename `tables/comparison_owrf' to `tables/comp
arison_owrf.tex' on input line 1125.

:<+ tables/comparison_owrf.tex
(./tables/comparison_owrf.tex)
:<-
[20] [21] [22]
Package srcltx Info: Expanded filename `tables/fredmd_rmse_summary' to `tables/
fredmd_rmse_summary.tex' on input line 1156.

:<+ tables/fredmd_rmse_summary.tex
(./tables/fredmd_rmse_summary.tex)
:<-
Package epstopdf Info: Source file: <graphs/fredmd_rmse_ratios_boxplot.eps>
(epstopdf)                    date: 2026-07-22 14:39:54
(epstopdf)                    size: 7395 bytes
(epstopdf)             Output file: <graphs/fredmd_rmse_ratios_boxplot-eps-conv
erted-to.pdf>
(epstopdf)                    date: 2026-07-22 14:42:47
(epstopdf)                    size: 11270 bytes
(epstopdf)             Command: <repstopdf --outfile=graphs/fredmd_rmse_ratios_
boxplot-eps-converted-to.pdf graphs/fredmd_rmse_ratios_boxplot.eps>
(epstopdf)             \includegraphics on input line 1164.
Package epstopdf Info: Output file is already uptodate.
<graphs/fredmd_rmse_ratios_boxplot-eps-converted-to.pdf, id=567, 434.62375pt x 
361.35pt>
File: graphs/fredmd_rmse_ratios_boxplot-eps-converted-to.pdf Graphic file (type
 pdf)
<use graphs/fredmd_rmse_ratios_boxplot-eps-converted-to.pdf>
Package pdftex.def Info: graphs/fredmd_rmse_ratios_boxplot-eps-converted-to.pdf
  used on input line 1164.
(pdftex.def)             Requested size: 434.37067pt x 361.35463pt.
[23] [24 <./graphs/fredmd_rmse_ratios_boxplot-eps-converted-to.pdf>] [25]
:<+ hrf.bbl
(./hrf.bbl [26] [27] [28])
:<-
[29]
Package epstopdf Info: Source file: <graphs/weighted_rf_rmse_ratios_appendix_sh
rinkage.eps>
(epstopdf)                    date: 2026-06-19 14:45:48
(epstopdf)                    size: 39250 bytes
(epstopdf)             Output file: <graphs/weighted_rf_rmse_ratios_appendix_sh
rinkage-eps-converted-to.pdf>
(epstopdf)                    date: 2026-06-27 10:59:06
(epstopdf)                    size: 19558 bytes
(epstopdf)             Command: <repstopdf --outfile=graphs/weighted_rf_rmse_ra
tios_appendix_shrinkage-eps-converted-to.pdf graphs/weighted_rf_rmse_ratios_app
endix_shrinkage.eps>
(epstopdf)             \includegraphics on input line 1216.
Package epstopdf Info: Output file is already uptodate.
<graphs/weighted_rf_rmse_ratios_appendix_shrinkage-eps-converted-to.pdf, id=633
, 505.89pt x 505.89pt>
File: graphs/weighted_rf_rmse_ratios_appendix_shrinkage-eps-converted-to.pdf Gr
aphic file (type pdf)
<use graphs/weighted_rf_rmse_ratios_appendix_shrinkage-eps-converted-to.pdf>
Package pdftex.def Info: graphs/weighted_rf_rmse_ratios_appendix_shrinkage-eps-
converted-to.pdf  used on input line 1216.
(pdftex.def)             Requested size: 434.34674pt x 361.35352pt.
Package epstopdf Info: Source file: <graphs/weighted_rf_rmse_ratios_appendix_sa
mple.eps>
(epstopdf)                    date: 2026-06-19 14:45:48
(epstopdf)                    size: 39796 bytes
(epstopdf)             Output file: <graphs/weighted_rf_rmse_ratios_appendix_sa
mple-eps-converted-to.pdf>
(epstopdf)                    date: 2026-06-27 10:59:07
(epstopdf)                    size: 20270 bytes
(epstopdf)             Command: <repstopdf --outfile=graphs/weighted_rf_rmse_ra
tios_appendix_sample-eps-converted-to.pdf graphs/weighted_rf_rmse_ratios_append
ix_sample.eps>
(epstopdf)             \includegraphics on input line 1229.
Package epstopdf Info: Output file is already uptodate.
<graphs/weighted_rf_rmse_ratios_appendix_sample-eps-converted-to.pdf, id=638, 5
05.89pt x 505.89pt>
File: graphs/weighted_rf_rmse_ratios_appendix_sample-eps-converted-to.pdf Graph
ic file (type pdf)
<use graphs/weighted_rf_rmse_ratios_appendix_sample-eps-converted-to.pdf>
Package pdftex.def Info: graphs/weighted_rf_rmse_ratios_appendix_sample-eps-con
verted-to.pdf  used on input line 1229.
(pdftex.def)             Requested size: 434.34674pt x 361.35352pt.
 [30 <./graphs/weighted_rf_rmse_ratios_appendix_shrinkage-eps-converted-to.pdf>
] [31 <./graphs/weighted_rf_rmse_ratios_appendix_sample-eps-converted-to.pdf>]
Package epstopdf Info: Source file: <graphs/weighted_rf_rmse_ratios_shrinkage_2
_sample_1.eps>
(epstopdf)                    date: 2026-06-19 14:45:48
(epstopdf)                    size: 20250 bytes
(epstopdf)             Output file: <graphs/weighted_rf_rmse_ratios_shrinkage_2
_sample_1-eps-converted-to.pdf>
(epstopdf)                    date: 2026-06-27 10:59:07
(epstopdf)                    size: 12336 bytes
(epstopdf)             Command: <repstopdf --outfile=graphs/weighted_rf_rmse_ra
tios_shrinkage_2_sample_1-eps-converted-to.pdf graphs/weighted_rf_rmse_ratios_s
hrinkage_2_sample_1.eps>
(epstopdf)             \includegraphics on input line 1275.
Package epstopdf Info: Output file is already uptodate.
<graphs/weighted_rf_rmse_ratios_shrinkage_2_sample_1-eps-converted-to.pdf, id=6
69, 505.89pt x 505.89pt>
File: graphs/weighted_rf_rmse_ratios_shrinkage_2_sample_1-eps-converted-to.pdf 
Graphic file (type pdf)
<use graphs/weighted_rf_rmse_ratios_shrinkage_2_sample_1-eps-converted-to.pdf>
Package pdftex.def Info: graphs/weighted_rf_rmse_ratios_shrinkage_2_sample_1-ep
s-converted-to.pdf  used on input line 1275.
(pdftex.def)             Requested size: 434.34674pt x 361.35352pt.
 [32 <./graphs/weighted_rf_rmse_ratios_shrinkage_2_sample_1-eps-converted-to.pd
f>]
Package srcltx Info: Expanded filename `tables/weighted_rf_rmse_200' to `tables
/weighted_rf_rmse_200.tex' on input line 1294.

:<+ tables/weighted_rf_rmse_200.tex
(./tables/weighted_rf_rmse_200.tex)
:<-
Package srcltx Info: Expanded filename `tables/weighted_rf_rmse_400' to `tables
/weighted_rf_rmse_400.tex' on input line 1295.
:<+ tables/weighted_rf_rmse_400.tex
(./tables/weighted_rf_rmse_400.tex)
:<-
Package srcltx Info: Expanded filename `tables/weighted_rf_rmse_600' to `tables
/weighted_rf_rmse_600.tex' on input line 1296.
:<+ tables/weighted_rf_rmse_600.tex
(./tables/weighted_rf_rmse_600.tex)
:<-
Package srcltx Info: Expanded filename `tables/weighted_rf_rmse_800' to `tables
/weighted_rf_rmse_800.tex' on input line 1297.
:<+ tables/weighted_rf_rmse_800.tex
(./tables/weighted_rf_rmse_800.tex)
:<-
Package srcltx Info: Expanded filename `tables/weighted_rf_rmse_1000' to `table
s/weighted_rf_rmse_1000.tex' on input line 1298.
:<+ tables/weighted_rf_rmse_1000.tex
(./tables/weighted_rf_rmse_1000.tex)
:<-
Package srcltx Info: Expanded filename `tables/weighted_rf_rmse_2000' to `table
s/weighted_rf_rmse_2000.tex' on input line 1299.
:<+ tables/weighted_rf_rmse_2000.tex
(./tables/weighted_rf_rmse_2000.tex)
:<-
Package srcltx Info: Expanded filename `tables/weighted_rf_rmse_3000' to `table
s/weighted_rf_rmse_3000.tex' on input line 1300.
:<+ tables/weighted_rf_rmse_3000.tex
(./tables/weighted_rf_rmse_3000.tex)
:<-
Package srcltx Info: Expanded filename `tables/weighted_rf_rmse_4000' to `table
s/weighted_rf_rmse_4000.tex' on input line 1301.
:<+ tables/weighted_rf_rmse_4000.tex
(./tables/weighted_rf_rmse_4000.tex)
:<-
Package srcltx Info: Expanded filename `tables/weighted_rf_rmse_5000' to `table
s/weighted_rf_rmse_5000.tex' on input line 1302.
:<+ tables/weighted_rf_rmse_5000.tex
(./tables/weighted_rf_rmse_5000.tex)
:<-
Package srcltx Info: Expanded filename `tables/fredmd_rmse_ratios' to `tables/f
redmd_rmse_ratios.tex' on input line 1306.
:<+ tables/fredmd_rmse_ratios.tex
(./tables/fredmd_rmse_ratios.tex)
:<-
[33] [34] [35] [36] [37] (./hrf.aux)
Package rerunfilecheck Info: File `hrf.out' has not changed.
(rerunfilecheck)             Checksum: 83C72BBB5FABA3B2CEA802AF08EFEF00;2270.
 ) 
Here is how much of TeX's memory you used:
 18657 strings out of 480171
 355327 string characters out of 5894489
 696478 words of memory out of 5000000
 35917 multiletter control sequences out of 15000+600000
 496815 words of font info for 221 fonts, out of 8000000 for 9000
 59 hyphenation exceptions out of 8191
 71i,12n,79p,1500b,1153s stack positions out of 5000i,500n,10000p,200000b,80000s
{/usr/share/texmf/fonts/enc/dvips/cm-super/cm-super-ts1.enc} </home/ubuntu/.t
exlive2021/texmf-var/fonts/pk/ljfour/public/bbm/bbm12.600pk></usr/share/texlive
/texmf-dist/fonts/type1/public/amsfonts/cm/cmbx10.pfb></usr/share/texlive/texmf
-dist/fonts/type1/public/amsfonts/cm/cmbx12.pfb></usr/share/texlive/texmf-dist/
fonts/type1/public/amsfonts/cm/cmbx8.pfb></usr/share/texlive/texmf-dist/fonts/t
ype1/public/amsfonts/cm/cmcsc10.pfb></usr/share/texlive/texmf-dist/fonts/type1/
public/amsfonts/cm/cmex10.pfb></usr/share/texlive/texmf-dist/fonts/type1/public
/amsfonts/cm/cmmi10.pfb></usr/share/texlive/texmf-dist/fonts/type1/public/amsfo
nts/cm/cmmi12.pfb></usr/share/texlive/texmf-dist/fonts/type1/public/amsfonts/cm
/cmmi6.pfb></usr/share/texlive/texmf-dist/fonts/type1/public/amsfonts/cm/cmmi8.
pfb></usr/share/texlive/texmf-dist/fonts/type1/public/amsfonts/cm/cmmib10.pfb><
/usr/share/texlive/texmf-dist/fonts/type1/public/amsfonts/cm/cmr10.pfb></usr/sh
are/texlive/texmf-dist/fonts/type1/public/amsfonts/cm/cmr12.pfb></usr/share/tex
live/texmf-dist/fonts/type1/public/amsfonts/cm/cmr17.pfb></usr/share/texlive/te
xmf-dist/fonts/type1/public/amsfonts/cm/cmr7.pfb></usr/share/texlive/texmf-dist
/fonts/type1/public/amsfonts/cm/cmr8.pfb></usr/share/texlive/texmf-dist/fonts/t
ype1/public/amsfonts/cm/cmsy10.pfb></usr/share/texlive/texmf-dist/fonts/type1/p
ublic/amsfonts/cm/cmsy8.pfb></usr/share/texlive/texmf-dist/fonts/type1/public/a
msfonts/cm/cmti12.pfb></usr/share/texlive/texmf-dist/fonts/type1/public/amsfont
s/cm/cmtt10.pfb></usr/share/texlive/texmf-dist/fonts/type1/public/amsfonts/cm/c
mtt12.pfb></usr/share/texlive/texmf-dist/fonts/type1/public/amsfonts/symbols/ms
bm10.pfb></usr/share/texmf/fonts/type1/public/cm-super/sfrm1200.pfb></usr/share
/texmf/fonts/type1/public/cm-super/sfti1200.pfb>
Output written on hrf.pdf (37 pages, 493901 bytes).
PDF statistics:
 863 PDF objects out of 1000 (max. 8388607)
 727 compressed objects within 8 object streams
 158 named destinations out of 1000 (max. 500000)
 50340 words of extra memory for PDF output out of 51595 (max. 10000000)

